2023-09-06T09:37:35.121+03:00  INFO 16084 --- [restartedMain] com.example.demo.DemoApplication         : Starting DemoApplication using Java 19.0.2 with PID 16084 (D:\projects\Spring\demo\target\classes started by Temam Hashim in D:\projects\Spring\demo)
2023-09-06T09:37:35.129+03:00  INFO 16084 --- [restartedMain] com.example.demo.DemoApplication         : No active profile set, falling back to 1 default profile: "default"
2023-09-06T09:37:35.234+03:00  INFO 16084 --- [restartedMain] .e.DevToolsPropertyDefaultsPostProcessor : Devtools property defaults active! Set 'spring.devtools.add-properties' to 'false' to disable
2023-09-06T09:37:35.234+03:00  INFO 16084 --- [restartedMain] .e.DevToolsPropertyDefaultsPostProcessor : For additional web related logging consider setting the 'logging.level.web' property to 'DEBUG'
2023-09-06T09:37:37.224+03:00  INFO 16084 --- [restartedMain] .s.d.r.c.RepositoryConfigurationDelegate : Multiple Spring Data modules found, entering strict repository configuration mode
2023-09-06T09:37:37.225+03:00  INFO 16084 --- [restartedMain] .s.d.r.c.RepositoryConfigurationDelegate : Bootstrapping Spring Data JDBC repositories in DEFAULT mode.
2023-09-06T09:37:37.263+03:00  INFO 16084 --- [restartedMain] .RepositoryConfigurationExtensionSupport : Spring Data JDBC - Could not safely identify store assignment for repository candidate interface com.example.demo.comments.CommentRepository; If you want this repository to be a JDBC repository, consider annotating your entities with one of these annotations: org.springframework.data.relational.core.mapping.Table.
2023-09-06T09:37:37.265+03:00  INFO 16084 --- [restartedMain] .RepositoryConfigurationExtensionSupport : Spring Data JDBC - Could not safely identify store assignment for repository candidate interface com.example.demo.customers.CustomerRepository; If you want this repository to be a JDBC repository, consider annotating your entities with one of these annotations: org.springframework.data.relational.core.mapping.Table.
2023-09-06T09:37:37.266+03:00  INFO 16084 --- [restartedMain] .RepositoryConfigurationExtensionSupport : Spring Data JDBC - Could not safely identify store assignment for repository candidate interface com.example.demo.posts.PostRepository; If you want this repository to be a JDBC repository, consider annotating your entities with one of these annotations: org.springframework.data.relational.core.mapping.Table.
2023-09-06T09:37:37.267+03:00  INFO 16084 --- [restartedMain] .RepositoryConfigurationExtensionSupport : Spring Data JDBC - Could not safely identify store assignment for repository candidate interface com.example.demo.users.UserRepository; If you want this repository to be a JDBC repository, consider annotating your entities with one of these annotations: org.springframework.data.relational.core.mapping.Table.
2023-09-06T09:37:37.269+03:00  INFO 16084 --- [restartedMain] .s.d.r.c.RepositoryConfigurationDelegate : Finished Spring Data repository scanning in 39 ms. Found 0 JDBC repository interfaces.
2023-09-06T09:37:37.282+03:00  INFO 16084 --- [restartedMain] .s.d.r.c.RepositoryConfigurationDelegate : Multiple Spring Data modules found, entering strict repository configuration mode
2023-09-06T09:37:37.283+03:00  INFO 16084 --- [restartedMain] .s.d.r.c.RepositoryConfigurationDelegate : Bootstrapping Spring Data JPA repositories in DEFAULT mode.
2023-09-06T09:37:37.320+03:00  INFO 16084 --- [restartedMain] .s.d.r.c.RepositoryConfigurationDelegate : Finished Spring Data repository scanning in 32 ms. Found 4 JPA repository interfaces.
2023-09-06T09:37:37.626+03:00  INFO 16084 --- [restartedMain] o.s.cloud.context.scope.GenericScope     : BeanFactory id=ef211ad1-6a05-31a0-af20-032ddf96d12d
2023-09-06T09:37:37.727+03:00  INFO 16084 --- [restartedMain] trationDelegate$BeanPostProcessorChecker : Bean 'com.example.demo.ExternalApi.ExternalService' of type [org.springframework.cloud.openfeign.FeignClientFactoryBean] is not eligible for getting processed by all BeanPostProcessors (for example: not eligible for auto-proxying)
2023-09-06T09:37:38.611+03:00  INFO 16084 --- [restartedMain] o.s.b.w.embedded.tomcat.TomcatWebServer  : Tomcat initialized with port(s): 8081 (http)
2023-09-06T09:37:38.620+03:00  INFO 16084 --- [restartedMain] o.apache.catalina.core.StandardService   : Starting service [Tomcat]
2023-09-06T09:37:38.620+03:00  INFO 16084 --- [restartedMain] o.apache.catalina.core.StandardEngine    : Starting Servlet engine: [Apache Tomcat/10.1.8]
2023-09-06T09:37:38.710+03:00  INFO 16084 --- [restartedMain] o.a.c.c.C.[Tomcat].[localhost].[/]       : Initializing Spring embedded WebApplicationContext
2023-09-06T09:37:38.710+03:00  INFO 16084 --- [restartedMain] w.s.c.ServletWebServerApplicationContext : Root WebApplicationContext: initialization completed in 3475 ms
2023-09-06T09:37:38.878+03:00  INFO 16084 --- [restartedMain] com.zaxxer.hikari.HikariDataSource       : HikariPool-1 - Starting...
2023-09-06T09:37:39.472+03:00  INFO 16084 --- [restartedMain] com.zaxxer.hikari.pool.HikariPool        : HikariPool-1 - Added connection org.postgresql.jdbc.PgConnection@463ccb38
2023-09-06T09:37:39.474+03:00  INFO 16084 --- [restartedMain] com.zaxxer.hikari.HikariDataSource       : HikariPool-1 - Start completed.
2023-09-06T09:37:39.485+03:00  INFO 16084 --- [restartedMain] o.s.b.a.h2.H2ConsoleAutoConfiguration    : H2 console available at '/h2-console'. Database available at 'jdbc:postgresql://localhost:5432/blog'
2023-09-06T09:37:39.672+03:00  INFO 16084 --- [restartedMain] o.hibernate.jpa.internal.util.LogHelper  : HHH000204: Processing PersistenceUnitInfo [name: default]
2023-09-06T09:37:39.724+03:00  INFO 16084 --- [restartedMain] org.hibernate.Version                    : HHH000412: Hibernate ORM core version 6.2.2.Final
2023-09-06T09:37:39.726+03:00  INFO 16084 --- [restartedMain] org.hibernate.cfg.Environment            : HHH000406: Using bytecode reflection optimizer
2023-09-06T09:37:39.855+03:00  INFO 16084 --- [restartedMain] o.h.b.i.BytecodeProviderInitiator        : HHH000021: Bytecode provider name : bytebuddy
2023-09-06T09:37:39.995+03:00  INFO 16084 --- [restartedMain] o.s.o.j.p.SpringPersistenceUnitInfo      : No LoadTimeWeaver setup: ignoring JPA class transformer
2023-09-06T09:37:40.466+03:00  INFO 16084 --- [restartedMain] org.hibernate.orm.dialect                : HHH035001: Using dialect: org.hibernate.dialect.PostgreSQLDialect, version: org.hibernate.engine.jdbc.env.internal.JdbcEnvironmentInitiator$DialectResolutionInfoImpl@3144d08c
2023-09-06T09:37:40.741+03:00  INFO 16084 --- [restartedMain] o.h.b.i.BytecodeProviderInitiator        : HHH000021: Bytecode provider name : bytebuddy
2023-09-06T09:37:41.981+03:00  INFO 16084 --- [restartedMain] o.h.e.t.j.p.i.JtaPlatformInitiator       : HHH000490: Using JtaPlatform implementation: [org.hibernate.engine.transaction.jta.platform.internal.NoJtaPlatform]
2023-09-06T09:37:42.784+03:00  INFO 16084 --- [restartedMain] j.LocalContainerEntityManagerFactoryBean : Initialized JPA EntityManagerFactory for persistence unit 'default'
2023-09-06T09:37:43.230+03:00  INFO 16084 --- [restartedMain] o.s.d.j.r.query.QueryEnhancerFactory     : Hibernate is in classpath; If applicable, HQL parser will be used.
2023-09-06T09:37:43.823+03:00  WARN 16084 --- [restartedMain] JpaBaseConfiguration$JpaWebConfiguration : spring.jpa.open-in-view is enabled by default. Therefore, database queries may be performed during view rendering. Explicitly configure spring.jpa.open-in-view to disable this warning
2023-09-06T09:37:44.020+03:00  INFO 16084 --- [restartedMain] o.s.b.d.a.OptionalLiveReloadServer       : LiveReload server is running on port 35729
2023-09-06T09:37:45.549+03:00  INFO 16084 --- [restartedMain] o.s.b.a.e.web.EndpointLinksResolver      : Exposing 3 endpoint(s) beneath base path '/actuator'
2023-09-06T09:37:45.693+03:00  INFO 16084 --- [restartedMain] o.s.b.w.embedded.tomcat.TomcatWebServer  : Tomcat started on port(s): 8081 (http) with context path ''
2023-09-06T09:37:45.796+03:00  INFO 16084 --- [restartedMain] com.example.demo.DemoApplication         : Started DemoApplication in 11.824 seconds (process running for 22.203)
2023-09-06T09:37:46.740+03:00  INFO 16084 --- [http-nio-8081-exec-1] o.a.c.c.C.[Tomcat].[localhost].[/]       : Initializing Spring DispatcherServlet 'dispatcherServlet'
2023-09-06T09:37:46.740+03:00  INFO 16084 --- [http-nio-8081-exec-1] o.s.web.servlet.DispatcherServlet        : Initializing Servlet 'dispatcherServlet'
2023-09-06T09:37:46.742+03:00  INFO 16084 --- [http-nio-8081-exec-1] o.s.web.servlet.DispatcherServlet        : Completed initialization in 2 ms
2023-09-06T10:44:22.608+03:00  INFO 4936 --- [restartedMain] com.example.demo.DemoApplication         : Starting DemoApplication using Java 19.0.2 with PID 4936 (D:\projects\Spring\StudentRecords\target\classes started by Temam Hashim in D:\projects\Spring\StudentRecords)
2023-09-06T10:44:22.610+03:00  INFO 4936 --- [restartedMain] com.example.demo.DemoApplication         : No active profile set, falling back to 1 default profile: "default"
2023-09-06T10:44:22.708+03:00  INFO 4936 --- [restartedMain] .e.DevToolsPropertyDefaultsPostProcessor : Devtools property defaults active! Set 'spring.devtools.add-properties' to 'false' to disable
2023-09-06T10:44:22.709+03:00  INFO 4936 --- [restartedMain] .e.DevToolsPropertyDefaultsPostProcessor : For additional web related logging consider setting the 'logging.level.web' property to 'DEBUG'
2023-09-06T10:44:24.878+03:00  INFO 4936 --- [restartedMain] .s.d.r.c.RepositoryConfigurationDelegate : Multiple Spring Data modules found, entering strict repository configuration mode
2023-09-06T10:44:24.881+03:00  INFO 4936 --- [restartedMain] .s.d.r.c.RepositoryConfigurationDelegate : Bootstrapping Spring Data JDBC repositories in DEFAULT mode.
2023-09-06T10:44:24.929+03:00  INFO 4936 --- [restartedMain] .s.d.r.c.RepositoryConfigurationDelegate : Finished Spring Data repository scanning in 32 ms. Found 0 JDBC repository interfaces.
2023-09-06T10:44:24.993+03:00  INFO 4936 --- [restartedMain] .s.d.r.c.RepositoryConfigurationDelegate : Multiple Spring Data modules found, entering strict repository configuration mode
2023-09-06T10:44:24.994+03:00  INFO 4936 --- [restartedMain] .s.d.r.c.RepositoryConfigurationDelegate : Bootstrapping Spring Data JPA repositories in DEFAULT mode.
2023-09-06T10:44:25.019+03:00  INFO 4936 --- [restartedMain] .s.d.r.c.RepositoryConfigurationDelegate : Finished Spring Data repository scanning in 19 ms. Found 0 JPA repository interfaces.
2023-09-06T10:44:25.731+03:00  INFO 4936 --- [restartedMain] o.s.cloud.context.scope.GenericScope     : BeanFactory id=c501f6a6-1bfc-3211-a55f-ede7a231719f
2023-09-06T10:44:25.806+03:00  INFO 4936 --- [restartedMain] trationDelegate$BeanPostProcessorChecker : Bean 'com.example.demo.ExternalApi.ExternalService' of type [org.springframework.cloud.openfeign.FeignClientFactoryBean] is not eligible for getting processed by all BeanPostProcessors (for example: not eligible for auto-proxying)
2023-09-06T10:44:28.022+03:00  INFO 4936 --- [restartedMain] o.s.b.w.embedded.tomcat.TomcatWebServer  : Tomcat initialized with port(s): 8081 (http)
2023-09-06T10:44:28.035+03:00  INFO 4936 --- [restartedMain] o.apache.catalina.core.StandardService   : Starting service [Tomcat]
2023-09-06T10:44:28.036+03:00  INFO 4936 --- [restartedMain] o.apache.catalina.core.StandardEngine    : Starting Servlet engine: [Apache Tomcat/10.1.8]
2023-09-06T10:44:28.108+03:00  INFO 4936 --- [restartedMain] o.a.c.c.C.[Tomcat].[localhost].[/]       : Initializing Spring embedded WebApplicationContext
2023-09-06T10:44:28.109+03:00  INFO 4936 --- [restartedMain] w.s.c.ServletWebServerApplicationContext : Root WebApplicationContext: initialization completed in 5400 ms
2023-09-06T10:44:28.387+03:00  INFO 4936 --- [restartedMain] com.zaxxer.hikari.HikariDataSource       : HikariPool-1 - Starting...
2023-09-06T10:44:29.082+03:00  INFO 4936 --- [restartedMain] com.zaxxer.hikari.pool.HikariPool        : HikariPool-1 - Added connection org.postgresql.jdbc.PgConnection@76f320c2
2023-09-06T10:44:29.085+03:00  INFO 4936 --- [restartedMain] com.zaxxer.hikari.HikariDataSource       : HikariPool-1 - Start completed.
2023-09-06T10:44:29.096+03:00  INFO 4936 --- [restartedMain] o.s.b.a.h2.H2ConsoleAutoConfiguration    : H2 console available at '/h2-console'. Database available at 'jdbc:postgresql://localhost:5432/studentRecord'
2023-09-06T10:44:29.403+03:00  INFO 4936 --- [restartedMain] o.hibernate.jpa.internal.util.LogHelper  : HHH000204: Processing PersistenceUnitInfo [name: default]
2023-09-06T10:44:29.536+03:00  INFO 4936 --- [restartedMain] org.hibernate.Version                    : HHH000412: Hibernate ORM core version 6.2.2.Final
2023-09-06T10:44:29.539+03:00  INFO 4936 --- [restartedMain] org.hibernate.cfg.Environment            : HHH000406: Using bytecode reflection optimizer
2023-09-06T10:44:29.770+03:00  INFO 4936 --- [restartedMain] o.h.b.i.BytecodeProviderInitiator        : HHH000021: Bytecode provider name : bytebuddy
2023-09-06T10:44:30.106+03:00  INFO 4936 --- [restartedMain] o.s.o.j.p.SpringPersistenceUnitInfo      : No LoadTimeWeaver setup: ignoring JPA class transformer
2023-09-06T10:44:30.205+03:00  INFO 4936 --- [restartedMain] org.hibernate.orm.dialect                : HHH035001: Using dialect: org.hibernate.dialect.PostgreSQLDialect, version: org.hibernate.engine.jdbc.env.internal.JdbcEnvironmentInitiator$DialectResolutionInfoImpl@6a0fd4b5
2023-09-06T10:44:30.432+03:00  INFO 4936 --- [restartedMain] o.h.b.i.BytecodeProviderInitiator        : HHH000021: Bytecode provider name : bytebuddy
2023-09-06T10:44:30.899+03:00  INFO 4936 --- [restartedMain] o.h.e.t.j.p.i.JtaPlatformInitiator       : HHH000490: Using JtaPlatform implementation: [org.hibernate.engine.transaction.jta.platform.internal.NoJtaPlatform]
2023-09-06T10:44:30.906+03:00  INFO 4936 --- [restartedMain] j.LocalContainerEntityManagerFactoryBean : Initialized JPA EntityManagerFactory for persistence unit 'default'
2023-09-06T10:44:31.086+03:00  WARN 4936 --- [restartedMain] JpaBaseConfiguration$JpaWebConfiguration : spring.jpa.open-in-view is enabled by default. Therefore, database queries may be performed during view rendering. Explicitly configure spring.jpa.open-in-view to disable this warning
2023-09-06T10:44:31.928+03:00  INFO 4936 --- [restartedMain] o.s.b.d.a.OptionalLiveReloadServer       : LiveReload server is running on port 35729
2023-09-06T10:44:33.183+03:00  INFO 4936 --- [restartedMain] o.s.b.a.e.web.EndpointLinksResolver      : Exposing 3 endpoint(s) beneath base path '/actuator'
2023-09-06T10:44:33.571+03:00  INFO 4936 --- [restartedMain] o.s.b.w.embedded.tomcat.TomcatWebServer  : Tomcat started on port(s): 8081 (http) with context path ''
2023-09-06T10:44:33.798+03:00  INFO 4936 --- [restartedMain] com.example.demo.DemoApplication         : Started DemoApplication in 12.134 seconds (process running for 16.328)
2023-09-06T10:45:35.723+03:00  INFO 4936 --- [SpringApplicationShutdownHook] j.LocalContainerEntityManagerFactoryBean : Closing JPA EntityManagerFactory for persistence unit 'default'
2023-09-06T10:45:35.727+03:00  INFO 4936 --- [SpringApplicationShutdownHook] com.zaxxer.hikari.HikariDataSource       : HikariPool-1 - Shutdown initiated...
2023-09-06T10:45:35.731+03:00  INFO 4936 --- [SpringApplicationShutdownHook] com.zaxxer.hikari.HikariDataSource       : HikariPool-1 - Shutdown completed.
2023-09-06T10:45:39.798+03:00  INFO 19084 --- [restartedMain] com.example.demo.DemoApplication         : Starting DemoApplication using Java 19.0.2 with PID 19084 (D:\projects\Spring\StudentRecords\target\classes started by Temam Hashim in D:\projects\Spring\StudentRecords)
2023-09-06T10:45:39.800+03:00  INFO 19084 --- [restartedMain] com.example.demo.DemoApplication         : No active profile set, falling back to 1 default profile: "default"
2023-09-06T10:45:39.847+03:00  INFO 19084 --- [restartedMain] .e.DevToolsPropertyDefaultsPostProcessor : Devtools property defaults active! Set 'spring.devtools.add-properties' to 'false' to disable
2023-09-06T10:45:39.847+03:00  INFO 19084 --- [restartedMain] .e.DevToolsPropertyDefaultsPostProcessor : For additional web related logging consider setting the 'logging.level.web' property to 'DEBUG'
2023-09-06T10:45:40.688+03:00  INFO 19084 --- [restartedMain] .s.d.r.c.RepositoryConfigurationDelegate : Multiple Spring Data modules found, entering strict repository configuration mode
2023-09-06T10:45:40.689+03:00  INFO 19084 --- [restartedMain] .s.d.r.c.RepositoryConfigurationDelegate : Bootstrapping Spring Data JDBC repositories in DEFAULT mode.
2023-09-06T10:45:40.708+03:00  INFO 19084 --- [restartedMain] .s.d.r.c.RepositoryConfigurationDelegate : Finished Spring Data repository scanning in 12 ms. Found 0 JDBC repository interfaces.
2023-09-06T10:45:40.714+03:00  INFO 19084 --- [restartedMain] .s.d.r.c.RepositoryConfigurationDelegate : Multiple Spring Data modules found, entering strict repository configuration mode
2023-09-06T10:45:40.714+03:00  INFO 19084 --- [restartedMain] .s.d.r.c.RepositoryConfigurationDelegate : Bootstrapping Spring Data JPA repositories in DEFAULT mode.
2023-09-06T10:45:40.720+03:00  INFO 19084 --- [restartedMain] .s.d.r.c.RepositoryConfigurationDelegate : Finished Spring Data repository scanning in 2 ms. Found 0 JPA repository interfaces.
2023-09-06T10:45:40.912+03:00  INFO 19084 --- [restartedMain] o.s.cloud.context.scope.GenericScope     : BeanFactory id=71bed5ba-f913-3f63-b65f-c9310c67aa57
2023-09-06T10:45:40.995+03:00  INFO 19084 --- [restartedMain] trationDelegate$BeanPostProcessorChecker : Bean 'com.example.demo.ExternalApi.ExternalService' of type [org.springframework.cloud.openfeign.FeignClientFactoryBean] is not eligible for getting processed by all BeanPostProcessors (for example: not eligible for auto-proxying)
2023-09-06T10:45:41.393+03:00  INFO 19084 --- [restartedMain] o.s.b.w.embedded.tomcat.TomcatWebServer  : Tomcat initialized with port(s): 8081 (http)
2023-09-06T10:45:41.400+03:00  INFO 19084 --- [restartedMain] o.apache.catalina.core.StandardService   : Starting service [Tomcat]
2023-09-06T10:45:41.400+03:00  INFO 19084 --- [restartedMain] o.apache.catalina.core.StandardEngine    : Starting Servlet engine: [Apache Tomcat/10.1.8]
2023-09-06T10:45:41.449+03:00  INFO 19084 --- [restartedMain] o.a.c.c.C.[Tomcat].[localhost].[/]       : Initializing Spring embedded WebApplicationContext
2023-09-06T10:45:41.450+03:00  INFO 19084 --- [restartedMain] w.s.c.ServletWebServerApplicationContext : Root WebApplicationContext: initialization completed in 1603 ms
2023-09-06T10:45:41.542+03:00  INFO 19084 --- [restartedMain] com.zaxxer.hikari.HikariDataSource       : HikariPool-1 - Starting...
2023-09-06T10:45:41.671+03:00  INFO 19084 --- [restartedMain] com.zaxxer.hikari.pool.HikariPool        : HikariPool-1 - Added connection org.postgresql.jdbc.PgConnection@5739757d
2023-09-06T10:45:41.673+03:00  INFO 19084 --- [restartedMain] com.zaxxer.hikari.HikariDataSource       : HikariPool-1 - Start completed.
2023-09-06T10:45:41.680+03:00  INFO 19084 --- [restartedMain] o.s.b.a.h2.H2ConsoleAutoConfiguration    : H2 console available at '/h2-console'. Database available at 'jdbc:postgresql://localhost:5432/studentRecord'
2023-09-06T10:45:41.862+03:00  INFO 19084 --- [restartedMain] o.hibernate.jpa.internal.util.LogHelper  : HHH000204: Processing PersistenceUnitInfo [name: default]
2023-09-06T10:45:41.923+03:00  INFO 19084 --- [restartedMain] org.hibernate.Version                    : HHH000412: Hibernate ORM core version 6.2.2.Final
2023-09-06T10:45:41.925+03:00  INFO 19084 --- [restartedMain] org.hibernate.cfg.Environment            : HHH000406: Using bytecode reflection optimizer
2023-09-06T10:45:42.050+03:00  INFO 19084 --- [restartedMain] o.h.b.i.BytecodeProviderInitiator        : HHH000021: Bytecode provider name : bytebuddy
2023-09-06T10:45:42.191+03:00  INFO 19084 --- [restartedMain] o.s.o.j.p.SpringPersistenceUnitInfo      : No LoadTimeWeaver setup: ignoring JPA class transformer
2023-09-06T10:45:42.239+03:00  INFO 19084 --- [restartedMain] org.hibernate.orm.dialect                : HHH035001: Using dialect: org.hibernate.dialect.PostgreSQLDialect, version: org.hibernate.engine.jdbc.env.internal.JdbcEnvironmentInitiator$DialectResolutionInfoImpl@4eb2c7f5
2023-09-06T10:45:42.316+03:00  INFO 19084 --- [restartedMain] o.h.b.i.BytecodeProviderInitiator        : HHH000021: Bytecode provider name : bytebuddy
2023-09-06T10:45:42.507+03:00  INFO 19084 --- [restartedMain] o.h.e.t.j.p.i.JtaPlatformInitiator       : HHH000490: Using JtaPlatform implementation: [org.hibernate.engine.transaction.jta.platform.internal.NoJtaPlatform]
2023-09-06T10:45:42.511+03:00  INFO 19084 --- [restartedMain] j.LocalContainerEntityManagerFactoryBean : Initialized JPA EntityManagerFactory for persistence unit 'default'
2023-09-06T10:45:42.633+03:00  WARN 19084 --- [restartedMain] JpaBaseConfiguration$JpaWebConfiguration : spring.jpa.open-in-view is enabled by default. Therefore, database queries may be performed during view rendering. Explicitly configure spring.jpa.open-in-view to disable this warning
2023-09-06T10:45:42.760+03:00  INFO 19084 --- [restartedMain] o.s.b.d.a.OptionalLiveReloadServer       : LiveReload server is running on port 35729
2023-09-06T10:45:43.946+03:00  INFO 19084 --- [restartedMain] o.s.b.a.e.web.EndpointLinksResolver      : Exposing 3 endpoint(s) beneath base path '/actuator'
2023-09-06T10:45:44.116+03:00  INFO 19084 --- [restartedMain] o.s.b.w.embedded.tomcat.TomcatWebServer  : Tomcat started on port(s): 8081 (http) with context path ''
2023-09-06T10:45:44.218+03:00  INFO 19084 --- [restartedMain] com.example.demo.DemoApplication         : Started DemoApplication in 4.868 seconds (process running for 5.532)
2023-09-06T10:47:01.799+03:00  INFO 19084 --- [http-nio-8081-exec-1] o.a.c.c.C.[Tomcat].[localhost].[/]       : Initializing Spring DispatcherServlet 'dispatcherServlet'
2023-09-06T10:47:01.799+03:00  INFO 19084 --- [http-nio-8081-exec-1] o.s.web.servlet.DispatcherServlet        : Initializing Servlet 'dispatcherServlet'
2023-09-06T10:47:01.805+03:00  INFO 19084 --- [http-nio-8081-exec-1] o.s.web.servlet.DispatcherServlet        : Completed initialization in 6 ms
2023-09-06T10:48:35.968+03:00  INFO 19084 --- [SpringApplicationShutdownHook] j.LocalContainerEntityManagerFactoryBean : Closing JPA EntityManagerFactory for persistence unit 'default'
2023-09-06T10:48:35.971+03:00  INFO 19084 --- [SpringApplicationShutdownHook] com.zaxxer.hikari.HikariDataSource       : HikariPool-1 - Shutdown initiated...
2023-09-06T10:48:35.977+03:00  INFO 19084 --- [SpringApplicationShutdownHook] com.zaxxer.hikari.HikariDataSource       : HikariPool-1 - Shutdown completed.
2023-09-06T10:48:40.095+03:00  INFO 18520 --- [restartedMain] com.example.demo.DemoApplication         : Starting DemoApplication using Java 19.0.2 with PID 18520 (D:\projects\Spring\StudentRecords\target\classes started by Temam Hashim in D:\projects\Spring\StudentRecords)
2023-09-06T10:48:40.097+03:00  INFO 18520 --- [restartedMain] com.example.demo.DemoApplication         : No active profile set, falling back to 1 default profile: "default"
2023-09-06T10:48:40.136+03:00  INFO 18520 --- [restartedMain] .e.DevToolsPropertyDefaultsPostProcessor : Devtools property defaults active! Set 'spring.devtools.add-properties' to 'false' to disable
2023-09-06T10:48:40.136+03:00  INFO 18520 --- [restartedMain] .e.DevToolsPropertyDefaultsPostProcessor : For additional web related logging consider setting the 'logging.level.web' property to 'DEBUG'
2023-09-06T10:48:40.962+03:00  INFO 18520 --- [restartedMain] .s.d.r.c.RepositoryConfigurationDelegate : Multiple Spring Data modules found, entering strict repository configuration mode
2023-09-06T10:48:40.963+03:00  INFO 18520 --- [restartedMain] .s.d.r.c.RepositoryConfigurationDelegate : Bootstrapping Spring Data JDBC repositories in DEFAULT mode.
2023-09-06T10:48:40.976+03:00  INFO 18520 --- [restartedMain] .s.d.r.c.RepositoryConfigurationDelegate : Finished Spring Data repository scanning in 10 ms. Found 0 JDBC repository interfaces.
2023-09-06T10:48:40.981+03:00  INFO 18520 --- [restartedMain] .s.d.r.c.RepositoryConfigurationDelegate : Multiple Spring Data modules found, entering strict repository configuration mode
2023-09-06T10:48:40.982+03:00  INFO 18520 --- [restartedMain] .s.d.r.c.RepositoryConfigurationDelegate : Bootstrapping Spring Data JPA repositories in DEFAULT mode.
2023-09-06T10:48:40.986+03:00  INFO 18520 --- [restartedMain] .s.d.r.c.RepositoryConfigurationDelegate : Finished Spring Data repository scanning in 1 ms. Found 0 JPA repository interfaces.
2023-09-06T10:48:41.170+03:00  INFO 18520 --- [restartedMain] o.s.cloud.context.scope.GenericScope     : BeanFactory id=71bed5ba-f913-3f63-b65f-c9310c67aa57
2023-09-06T10:48:41.250+03:00  INFO 18520 --- [restartedMain] trationDelegate$BeanPostProcessorChecker : Bean 'com.example.demo.ExternalApi.ExternalService' of type [org.springframework.cloud.openfeign.FeignClientFactoryBean] is not eligible for getting processed by all BeanPostProcessors (for example: not eligible for auto-proxying)
2023-09-06T10:48:41.660+03:00  INFO 18520 --- [restartedMain] o.s.b.w.embedded.tomcat.TomcatWebServer  : Tomcat initialized with port(s): 8081 (http)
2023-09-06T10:48:41.665+03:00  INFO 18520 --- [restartedMain] o.apache.catalina.core.StandardService   : Starting service [Tomcat]
2023-09-06T10:48:41.666+03:00  INFO 18520 --- [restartedMain] o.apache.catalina.core.StandardEngine    : Starting Servlet engine: [Apache Tomcat/10.1.8]
2023-09-06T10:48:41.711+03:00  INFO 18520 --- [restartedMain] o.a.c.c.C.[Tomcat].[localhost].[/]       : Initializing Spring embedded WebApplicationContext
2023-09-06T10:48:41.712+03:00  INFO 18520 --- [restartedMain] w.s.c.ServletWebServerApplicationContext : Root WebApplicationContext: initialization completed in 1575 ms
2023-09-06T10:48:41.808+03:00  INFO 18520 --- [restartedMain] com.zaxxer.hikari.HikariDataSource       : HikariPool-1 - Starting...
2023-09-06T10:48:41.946+03:00  INFO 18520 --- [restartedMain] com.zaxxer.hikari.pool.HikariPool        : HikariPool-1 - Added connection org.postgresql.jdbc.PgConnection@2f2804c6
2023-09-06T10:48:41.947+03:00  INFO 18520 --- [restartedMain] com.zaxxer.hikari.HikariDataSource       : HikariPool-1 - Start completed.
2023-09-06T10:48:41.956+03:00  INFO 18520 --- [restartedMain] o.s.b.a.h2.H2ConsoleAutoConfiguration    : H2 console available at '/h2-console'. Database available at 'jdbc:postgresql://localhost:5432/studentRecord'
2023-09-06T10:48:42.079+03:00  INFO 18520 --- [restartedMain] o.hibernate.jpa.internal.util.LogHelper  : HHH000204: Processing PersistenceUnitInfo [name: default]
2023-09-06T10:48:42.116+03:00  INFO 18520 --- [restartedMain] org.hibernate.Version                    : HHH000412: Hibernate ORM core version 6.2.2.Final
2023-09-06T10:48:42.118+03:00  INFO 18520 --- [restartedMain] org.hibernate.cfg.Environment            : HHH000406: Using bytecode reflection optimizer
2023-09-06T10:48:42.236+03:00  INFO 18520 --- [restartedMain] o.h.b.i.BytecodeProviderInitiator        : HHH000021: Bytecode provider name : bytebuddy
2023-09-06T10:48:42.344+03:00  INFO 18520 --- [restartedMain] o.s.o.j.p.SpringPersistenceUnitInfo      : No LoadTimeWeaver setup: ignoring JPA class transformer
2023-09-06T10:48:42.385+03:00  INFO 18520 --- [restartedMain] org.hibernate.orm.dialect                : HHH035001: Using dialect: org.hibernate.dialect.PostgreSQLDialect, version: org.hibernate.engine.jdbc.env.internal.JdbcEnvironmentInitiator$DialectResolutionInfoImpl@30f43ca3
2023-09-06T10:48:42.688+03:00  INFO 18520 --- [restartedMain] o.h.b.i.BytecodeProviderInitiator        : HHH000021: Bytecode provider name : bytebuddy
2023-09-06T10:48:43.233+03:00  INFO 18520 --- [restartedMain] o.h.m.i.EntityInstantiatorPojoStandard   : HHH000182: No default (no-argument) constructor for class: com.example.demo.students.Student (class must be instantiated by Interceptor)
2023-09-06T10:48:43.413+03:00  INFO 18520 --- [restartedMain] o.h.e.t.j.p.i.JtaPlatformInitiator       : HHH000490: Using JtaPlatform implementation: [org.hibernate.engine.transaction.jta.platform.internal.NoJtaPlatform]
2023-09-06T10:48:43.606+03:00  INFO 18520 --- [restartedMain] j.LocalContainerEntityManagerFactoryBean : Initialized JPA EntityManagerFactory for persistence unit 'default'
2023-09-06T10:48:43.694+03:00  WARN 18520 --- [restartedMain] JpaBaseConfiguration$JpaWebConfiguration : spring.jpa.open-in-view is enabled by default. Therefore, database queries may be performed during view rendering. Explicitly configure spring.jpa.open-in-view to disable this warning
2023-09-06T10:48:43.826+03:00  INFO 18520 --- [restartedMain] o.s.b.d.a.OptionalLiveReloadServer       : LiveReload server is running on port 35729
2023-09-06T10:48:44.616+03:00  INFO 18520 --- [restartedMain] o.s.b.a.e.web.EndpointLinksResolver      : Exposing 3 endpoint(s) beneath base path '/actuator'
2023-09-06T10:48:44.695+03:00  INFO 18520 --- [restartedMain] o.s.b.w.embedded.tomcat.TomcatWebServer  : Tomcat started on port(s): 8081 (http) with context path ''
2023-09-06T10:48:44.783+03:00  INFO 18520 --- [restartedMain] com.example.demo.DemoApplication         : Started DemoApplication in 5.154 seconds (process running for 6.006)
2023-09-06T10:50:49.480+03:00  INFO 18520 --- [SpringApplicationShutdownHook] j.LocalContainerEntityManagerFactoryBean : Closing JPA EntityManagerFactory for persistence unit 'default'
2023-09-06T10:50:49.482+03:00  INFO 18520 --- [SpringApplicationShutdownHook] com.zaxxer.hikari.HikariDataSource       : HikariPool-1 - Shutdown initiated...
2023-09-06T10:50:49.485+03:00  INFO 18520 --- [SpringApplicationShutdownHook] com.zaxxer.hikari.HikariDataSource       : HikariPool-1 - Shutdown completed.
